[debug] [2024-08-15T08:07:38.359Z] ----------------------------------------------------------------------
[debug] [2024-08-15T08:07:38.362Z] Command:       C:\Program Files\nodejs\node.exe C:\Users\HP Gaming\AppData\Roaming\npm\node_modules\firebase-tools\lib\bin\firebase.js init
[debug] [2024-08-15T08:07:38.363Z] CLI Version:   13.15.1
[debug] [2024-08-15T08:07:38.363Z] Platform:      win32
[debug] [2024-08-15T08:07:38.363Z] Node Version:  v20.11.0
[debug] [2024-08-15T08:07:38.363Z] Time:          Thu Aug 15 2024 11:07:38 GMT+0300 (GMT+03:00)
[debug] [2024-08-15T08:07:38.363Z] ----------------------------------------------------------------------
[debug] 
[debug] [2024-08-15T08:07:38.370Z] > command requires scopes: ["email","openid","https://www.googleapis.com/auth/cloudplatformprojects.readonly","https://www.googleapis.com/auth/firebase","https://www.googleapis.com/auth/cloud-platform"]
[debug] [2024-08-15T08:07:38.370Z] > authorizing via signed-in user (ameerjun03@gmail.com)
[info] 
     ######## #### ########  ######## ########     ###     ######  ########
     ##        ##  ##     ## ##       ##     ##  ##   ##  ##       ##
     ######    ##  ########  ######   ########  #########  ######  ######
     ##        ##  ##    ##  ##       ##     ## ##     ##       ## ##
     ##       #### ##     ## ######## ########  ##     ##  ######  ########

You're about to initialize a Firebase project in this directory:

  C:\Users\HP Gaming\Desktop\Starlight

[info] 
=== Project Setup
[info] 
[info] First, let's associate this project directory with a Firebase project.
[info] You can create multiple project aliases by running firebase use --add, 
[info] but for now we'll just set up a default project.
[info] 
[debug] [2024-08-15T08:08:16.326Z] >>> [apiv2][query] GET https://firebase.googleapis.com/v1beta1/projects pageSize=100
[debug] [2024-08-15T08:08:17.278Z] <<< [apiv2][status] GET https://firebase.googleapis.com/v1beta1/projects 200
[debug] [2024-08-15T08:08:17.278Z] <<< [apiv2][body] GET https://firebase.googleapis.com/v1beta1/projects [omitted]
[info] i  Using project starlight-university-16095 (Starlight University) 
[info] 
=== Hosting Setup
[debug] [2024-08-15T08:08:24.777Z] >>> [apiv2][query] GET https://firebase.googleapis.com/v1beta1/projects/starlight-university-16095 [none]
[debug] [2024-08-15T08:08:25.377Z] <<< [apiv2][status] GET https://firebase.googleapis.com/v1beta1/projects/starlight-university-16095 200
[debug] [2024-08-15T08:08:25.377Z] <<< [apiv2][body] GET https://firebase.googleapis.com/v1beta1/projects/starlight-university-16095 {"projectId":"starlight-university-16095","projectNumber":"278679991612","displayName":"Starlight University","name":"projects/starlight-university-16095","resources":{"hostingSite":"starlight-university-16095"},"state":"ACTIVE","etag":"1_06b9aae8-83a1-4981-9809-072a257eae4f"}
[info] 
[info] Your public directory is the folder (relative to your project directory) that
[info] will contain Hosting assets to be uploaded with firebase deploy. If you
[info] have a build process for your assets, use your build's output directory.
[info] 
[debug] [2024-08-15T08:09:21.227Z] >>> [apiv2][query] GET https://www.gstatic.com/firebasejs/releases.json [none]
[debug] [2024-08-15T08:09:21.447Z] <<< [apiv2][status] GET https://www.gstatic.com/firebasejs/releases.json 200
[debug] [2024-08-15T08:09:21.447Z] <<< [apiv2][body] GET https://www.gstatic.com/firebasejs/releases.json {"current":{"version":"10.12.5","browserURL":"https://www.gstatic.com/firebasejs/10.12.5/firebase.js","packageURL":"https://www.gstatic.com/firebasejs/10.12.5/firebase.tgz"},"live":{"version":"10.12","browserURL":"https://www.gstatic.com/firebasejs/live/10.12/firebase.js","packageURL":"https://www.gstatic.com/firebasejs/live/10.12/firebase.tgz"},"components":{"analytics":"https://www.gstatic.com/firebasejs/10.12.5/firebase-analytics.js","app":"https://www.gstatic.com/firebasejs/10.12.5/firebase-app.js","app-check":"https://www.gstatic.com/firebasejs/10.12.5/firebase-app-check.js","auth":"https://www.gstatic.com/firebasejs/10.12.5/firebase-auth.js","auth/cordova":"https://www.gstatic.com/firebasejs/10.12.5/firebase-auth/cordova.js","auth/web-extension":"https://www.gstatic.com/firebasejs/10.12.5/firebase-auth/web-extension.js","functions":"https://www.gstatic.com/firebasejs/10.12.5/firebase-functions.js","firestore":"https://www.gstatic.com/firebasejs/10.12.5/firebase-firestore.js","firestore/lite":"https://www.gstatic.com/firebasejs/10.12.5/firebase-firestore/lite.js","installations":"https://www.gstatic.com/firebasejs/10.12.5/firebase-installations.js","storage":"https://www.gstatic.com/firebasejs/10.12.5/firebase-storage.js","performance":"https://www.gstatic.com/firebasejs/10.12.5/firebase-performance.js","remote-config":"https://www.gstatic.com/firebasejs/10.12.5/firebase-remote-config.js","messaging":"https://www.gstatic.com/firebasejs/10.12.5/firebase-messaging.js","messaging/sw":"https://www.gstatic.com/firebasejs/10.12.5/firebase-messaging/sw.js","database":"https://www.gstatic.com/firebasejs/10.12.5/firebase-database.js","vertexai-preview":"https://www.gstatic.com/firebasejs/10.12.5/firebase-vertexai-preview.js","firestore.memory":"https://www.gstatic.com/firebasejs/10.12.5/firebase-firestore.memory.js"}}
[info] +  Wrote public/index.html 
[info] 
[info] i  Didn't detect a .git folder. Assuming C:\Users\HP Gaming\Desktop\Starlight is the project root. 
[info] i  Authorizing with GitHub to upload your service account to a GitHub repository's secrets store. 
[info] 
[info] Visit this URL on this device to log in:
[info] https://github.com/login/oauth/authorize?client_id=89cf50f02ac6aaed3484&state=774426306&redirect_uri=http%3A%2F%2Flocalhost%3A9005&scope=read%3Auser%20repo%20public_repo
[info] 
[info] Waiting for authentication...
[debug] [2024-08-15T08:09:22.002Z] >>> [apiv2][query] POST https://github.com/login/oauth/access_token [none]
[debug] [2024-08-15T08:09:22.003Z] >>> [apiv2][body] POST https://github.com/login/oauth/access_token [stream]
[debug] [2024-08-15T08:09:22.347Z] <<< [apiv2][status] POST https://github.com/login/oauth/access_token 200
[debug] [2024-08-15T08:09:22.347Z] <<< [apiv2][body] POST https://github.com/login/oauth/access_token {"access_token":"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","token_type":"bearer","scope":"read:user,repo"}
[debug] [2024-08-15T08:09:22.353Z] >>> [apiv2][query] GET https://api.github.com/user [none]
[debug] [2024-08-15T08:09:22.824Z] <<< [apiv2][status] GET https://api.github.com/user 200
[debug] [2024-08-15T08:09:22.824Z] <<< [apiv2][body] GET https://api.github.com/user {"login":"EmirCJ","id":178459434,"node_id":"U_kgDOCqMTKg","avatar_url":"https://avatars.githubusercontent.com/u/178459434?v=4","gravatar_id":"","url":"https://api.github.com/users/EmirCJ","html_url":"https://github.com/EmirCJ","followers_url":"https://api.github.com/users/EmirCJ/followers","following_url":"https://api.github.com/users/EmirCJ/following{/other_user}","gists_url":"https://api.github.com/users/EmirCJ/gists{/gist_id}","starred_url":"https://api.github.com/users/EmirCJ/starred{/owner}{/repo}","subscriptions_url":"https://api.github.com/users/EmirCJ/subscriptions","organizations_url":"https://api.github.com/users/EmirCJ/orgs","repos_url":"https://api.github.com/users/EmirCJ/repos","events_url":"https://api.github.com/users/EmirCJ/events{/privacy}","received_events_url":"https://api.github.com/users/EmirCJ/received_events","type":"User","site_admin":false,"name":null,"company":null,"blog":"","location":null,"email":null,"hireable":null,"bio":null,"twitter_username":null,"notification_email":null,"public_repos":0,"public_gists":0,"followers":0,"following":0,"created_at":"2024-08-15T06:45:22Z","updated_at":"2024-08-15T07:07:06Z","private_gists":0,"total_private_repos":1,"owned_private_repos":1,"disk_usage":0,"collaborators":0,"two_factor_authentication":false,"plan":{"name":"free","space":976562499,"collaborators":0,"private_repos":10000}}
[info] 
[info] +  Success! Logged into GitHub as EmirCJ 
[info] 
